Logging level set to DEBUG

07/01/2023 10:06:57:
----------------Starting fault injection in a random layer----------------

Type of Fault: bitflips
Amount of Faults: 1

Original Layer [173]: 

[0.8511487  0.8138839  0.83665836 0.77997726 0.8811936  0.8265138
 0.8249603  0.87060714 0.8307315  0.832516   0.8137495  0.80656487
 0.7923011  0.81242234 0.8158108  0.8378414  0.82252747 0.8021197
 0.8739568  0.81923866 0.8454653  0.8180993  0.8027227  0.8123806
 0.7983398  0.8155852  0.82263875 0.8577133  0.83292663 0.80888236
 0.85257643 0.8109229  0.8047657  0.83229566 0.8346064  0.7914415
 0.851544   0.81499934 0.8624284  0.81854314 0.82451016 0.82474643
 0.8374011  0.85047233 0.8013979  0.81212085 1.1883776  0.82829106
 0.8330017  0.84092724 0.8716421  0.8227594  0.80791855 0.8043945
 0.8449297  0.8443761  0.8045167  0.81090546 0.79737586 0.81157714
 0.8503909  0.8157476  0.7974712  0.83932036 0.8307992  0.84429085
 0.8061339  0.8469792  0.87139064 0.83444905 0.8236244  0.84414995
 0.81728756 0.81622624 0.834979   0.854851   0.82214177 0.8550997
 0.8122693  0.8081686  0.8195457  0.8473197  0.8424437  0.81185496
 0.79862094 0.79284763 0.8734668  0.7801391  0.8038439  0.8765041
 0.8306533  0.81478536 0.82520473 0.8353706  0.8151293  0.8157758
 0.85425746 0.81510764 0.8086597  0.8425763  0.83607405 0.84832394
 0.8256599  0.8182143  0.83030325 0.79413503 0.7782616  0.8486404
 0.8147069  0.8807377  0.8324227  0.8271644  0.80019903 0.8071467
 0.78578204 0.79145336 0.810644   0.80677116 0.82520413 0.7944087
 0.815038   0.8132512  0.81940216 2.1986454  0.7947826  0.8154926
 0.8447429  0.82267773 0.819802   0.8188373  0.82842237 0.8036447
 0.7914886  0.81537205 0.81726766 0.8215907  0.82165855 0.81071967
 0.8231951  0.8092507  0.83952314 0.84337014 0.85064244 0.93085843
 0.8251209  0.78995323 0.82583725 0.8783495  0.83144194 0.8242727
 0.8197925  0.85160697 0.8163535  0.8384837  0.8112237  0.81505156
 0.83489436 0.8501842  0.8518706  0.84791    0.8460252  0.8274048
 0.8106886  0.84674335 0.8682209  0.83741444 0.83338445 0.8467873
 0.84153694 0.8235956  0.8075836  0.83857256 0.80162567 0.8122699
 0.8364603  0.79144347 0.8105824  0.82044035 0.8011881  0.82792926
 2.2593443  0.84359956 0.7979185  0.82506186 0.83336014 0.8015373
 0.88985705 0.8266702  0.85059094 0.79597014 0.81918657 0.80916315
 0.8460852  0.82263047 0.8279439  0.8558562  0.85974103 0.79803944
 0.84897596 0.7889913  0.8190292  0.7877567  0.79785913 0.8282028
 0.817559   1.3087922  0.79676235 0.7993731  0.8167204  0.8405993
 0.8114205  0.8255258  0.8348826  0.8719122  0.8400009  0.79976326
 0.8216656  0.85762435 0.82373065 0.81727296 0.8212199  0.8447097
 0.83591527 0.8068338  0.82278347 1.5342722  0.8140069  0.82233983
 0.8206883  0.96431327 0.84027237 0.8099098  0.82506305 0.81702703
 0.83473325 0.8267472  0.8303918  0.83794445 0.82050467 0.8555093
 0.7874697  0.8217216  0.8352489  0.85635996 0.8349515  0.80450267
 0.80427176 0.8193353  0.8319778  0.7951643  0.833115   0.8441441
 0.8021113  0.8238874  0.86037    0.8048206  0.7855812  0.8646191
 0.79931635 0.82725406 0.8425422  0.8162945  0.7848723  0.8159962
 0.8233245  0.8466454  0.8593351  0.8050694  0.8207334  0.83839244
 0.8219563  0.85084194 0.8246638  0.82231355 0.8383874  0.8369903
 0.79897285 0.8110313  0.83213985 0.8331525  0.8388913  0.87521905
 0.826958   0.80179447 0.84947795 0.77701133 0.86277276 0.8889572
 0.81483334 0.822871   0.8178256  0.87360317 0.8019501  0.86867326
 0.8629444  0.8218742  0.8141769  0.78523445 0.83760035 0.7962694
 0.8640201  0.8276927  0.8442801  0.80000925 0.8469879  0.8181109
 0.8124699  0.846232   0.5305688  0.79181147 0.8671914  0.8331216
 0.8595557  0.8012547  0.83358693 0.77602696 0.8372378  0.8008803
 0.8422926  0.77578366 0.82102937 0.8668018  0.81070244 0.87537694
 0.83692783 0.8157313  0.7932709  0.9136057  0.81704503 0.80206585
 0.8220254  0.78656125 0.8061263  0.8716906  0.8580224  0.8163033
 0.84202933 0.8086466  0.8379557  0.8270774  0.81998324 0.8528569
 0.8076533  0.80112034 0.7894404  0.82568085 0.83273387 0.8737706
 0.807072   0.8825024  0.8003119  0.8234868  0.88856846 0.7921685
 0.8333589  0.8497632  0.8348164  0.8197806  0.8144244  0.81797683
 0.85458916 0.804052   0.80773836 0.8126353  0.81564873 0.8776723
 0.82928145 0.83164006 0.8404785  0.7782106  0.88485897 0.8079526
 0.840158   0.8571691  0.9175647  0.8368942  0.8048976  0.8349555
 0.8223411  0.8515039  0.8363782  3.1994028  0.8303353  0.8771651
 0.8859344  0.824889   0.82385665 0.83696973 0.8331695  0.85335207
 0.8448319  0.81114197 0.8157668  0.8169347  0.80335975 0.807085
 0.8372529  0.8342555  0.8450016  0.8437681  0.8172462  0.8151972
 0.8372157  0.80898076 0.80574703 0.8322391  0.7970397  0.8163616
 0.8266879  0.83466625 0.827036   0.85358423 0.84616596 0.7961947
 0.81720585 0.7939481  0.79033667 0.8365416  0.7921352  0.8273236
 0.84313136 0.8006405  0.85906047 0.81761724 0.8152729  0.82250285
 0.80188453 0.7990419  0.8168088  0.81714475 0.84123206 0.8838694
 0.8250162  0.807867   0.8181312  0.8501577  0.8319355  0.8107716
 0.80466413 0.8321097  0.8465173  0.8290878  0.81637543 0.80593026
 0.8125841  0.9663536  0.83493704 0.8515405  0.83302623 0.84171873
 0.8190883  0.8675324  0.8825798  0.83020186 0.8568674  0.8261861
 0.79898584 0.8032621  0.88160443 0.8641144  0.83616114 0.81488216
 0.84095496 0.8605526  0.87092566 0.7848498  0.85081065 0.8885622
 0.81288177 0.81671315 0.9912622  0.81779104 0.8455897  0.83239293
 0.7971526  0.8256005  0.78420305 0.8758528  0.84175783 0.8182081
 0.84396476 0.7817867  0.77662116 0.8161021  0.83949107 0.8313014
 0.84282905 0.88956046 0.81396186 0.8153633  0.82338965 0.8218222
 0.80525655 0.8960171  0.8273984  0.8094318  0.7986296  0.8132263
 0.8918337  0.8297848  0.8829131  0.8343062  0.82995456 0.8655302
 0.79318196 0.8440916  0.8139727  0.8048552  0.8183285  0.83166087
 0.8235328  0.8078306  0.8303503  0.8292997  0.8395602  0.8289336
 0.8331073  0.80067813 0.85424894 0.8191443  0.8421139  0.83275265
 0.8384282  0.82334214 0.8152899  0.80706143 1.5360581  0.80871385
 0.82607645 0.79294026 0.8373395  0.7860271  0.84029746 0.8138739
 0.8453207  0.86143005 0.8229826  0.8239418  0.8110921  0.86768025
 0.8165746  0.83211815 0.8287511  0.8348948  0.88735217 0.85540897
 0.8358315  0.8217937  0.8545595  0.8019636  0.83194786 0.8328677
 0.83697677 0.8740616  0.8100405  0.8206543  0.80381393 0.87173307
 0.8640636  0.8103     0.80281883 0.790998   0.8152972  0.86635
 0.83165175 0.8556286  0.80149305 0.8611244  0.8013011  0.8390043
 0.81443506 0.8008493  0.82265145 0.8037384  0.8077834  0.8033913
 0.8067714  0.8644535  0.86415976 0.8287662  0.847816   0.8453398
 0.8398269  0.81595004 0.8134746  0.8264302  0.8720103  0.85359275
 0.83340895 0.8180425  0.8319134  0.8160687  0.83511454 0.8382536
 0.79231256 0.8358802  0.81109375 0.8054435  0.80617446 0.8136335
 0.78181344 0.84580714 0.8314884  0.8542309  0.8449492  0.8276162
 0.8747836  0.7991839  0.84483165 0.7974957  0.81713563 0.84278506
 0.8181008  0.7912479  0.812145   0.81636906 0.84771127 0.8617586
 0.8136499  0.8637151  0.8826953  0.8242861  0.804541   0.82860863
 0.83503044 0.84372747 0.83971024 0.84596163 0.79932964 0.86251384
 0.8295484  0.79248154 0.84091544 0.8590482  0.80460775 0.83068645
 0.8439209  0.83614945 0.79894716 0.8366298  0.8146026  0.8506355
 0.8432783  0.8397327  0.8333435  0.8827413  0.8358414  0.8598216
 0.8270789  0.82293373 0.8239403  0.8328798  0.8215386  0.78146654
 0.82372606 0.82638764 0.8580144  0.85004187 0.82245207 0.8423363
 0.8258155  0.84928966 0.83360004 0.85088414 0.8089094  0.8382608
 0.83833975 0.8796822  0.8293685  0.8117122  0.87080204 0.840207
 0.81409025 0.829044   0.8297966  0.8503265  0.8324724  0.8247473
 0.8198191  0.87791246 0.8429369  0.86066544 0.81437063 0.8260612
 0.8287909  0.83979255 0.8010396  0.827762   0.8731889  0.8314337
 0.81276345 0.8325012  0.83883816 0.8208192  0.82660234 0.8235663
 0.84352624 0.8198698  0.8145722  0.8366135  0.8611202  0.8269135
 0.82366157 0.80181926 0.8459543  0.83867544 0.8735232  0.90494406
 0.8263863  0.8222371  0.8038527  0.80341566 0.8725402  0.79513776
 0.8112502  0.85516727 0.92222387 0.8062445  0.83091253 0.81905574
 2.2279809  0.82340467 0.83969253 0.82173115 0.82547164 0.84648263
 0.82802457 0.8743952  0.85107684 0.8176621  0.7940604  0.82019526
 0.8212509  0.8993765  0.8296992  0.81991345 0.84980077 0.8279873
 0.81562173 0.8148061  0.83425003 0.8462017  0.8299036  0.84520435
 0.8121582  0.82885486 0.80881095 0.8276997  0.8234788  0.85786223
 0.8412773  0.8250978  0.8370162  0.8394524  0.82158035 0.8559888
 1.002958   0.8250092  0.83106035 0.82464576 0.84808713 0.7922142
 0.8143613  0.84879607 0.8234734  0.8055888  0.8104762  0.8431296 ]

Number of Elements in Layer: 768
Layer Element Indicies (#s) to Inject: [298]

(0) Bit Position in 32-Bit Element #298 to be Flipped: 2
(0) Original #298 Value: 0.8376003503799438
(0) Faulty #298 Value:   0.837600588798523

Faulty Layer [173]: 

[0.8511487  0.8138839  0.83665836 0.77997726 0.8811936  0.8265138
 0.8249603  0.87060714 0.8307315  0.832516   0.8137495  0.80656487
 0.7923011  0.81242234 0.8158108  0.8378414  0.82252747 0.8021197
 0.8739568  0.81923866 0.8454653  0.8180993  0.8027227  0.8123806
 0.7983398  0.8155852  0.82263875 0.8577133  0.83292663 0.80888236
 0.85257643 0.8109229  0.8047657  0.83229566 0.8346064  0.7914415
 0.851544   0.81499934 0.8624284  0.81854314 0.82451016 0.82474643
 0.8374011  0.85047233 0.8013979  0.81212085 1.1883776  0.82829106
 0.8330017  0.84092724 0.8716421  0.8227594  0.80791855 0.8043945
 0.8449297  0.8443761  0.8045167  0.81090546 0.79737586 0.81157714
 0.8503909  0.8157476  0.7974712  0.83932036 0.8307992  0.84429085
 0.8061339  0.8469792  0.87139064 0.83444905 0.8236244  0.84414995
 0.81728756 0.81622624 0.834979   0.854851   0.82214177 0.8550997
 0.8122693  0.8081686  0.8195457  0.8473197  0.8424437  0.81185496
 0.79862094 0.79284763 0.8734668  0.7801391  0.8038439  0.8765041
 0.8306533  0.81478536 0.82520473 0.8353706  0.8151293  0.8157758
 0.85425746 0.81510764 0.8086597  0.8425763  0.83607405 0.84832394
 0.8256599  0.8182143  0.83030325 0.79413503 0.7782616  0.8486404
 0.8147069  0.8807377  0.8324227  0.8271644  0.80019903 0.8071467
 0.78578204 0.79145336 0.810644   0.80677116 0.82520413 0.7944087
 0.815038   0.8132512  0.81940216 2.1986454  0.7947826  0.8154926
 0.8447429  0.82267773 0.819802   0.8188373  0.82842237 0.8036447
 0.7914886  0.81537205 0.81726766 0.8215907  0.82165855 0.81071967
 0.8231951  0.8092507  0.83952314 0.84337014 0.85064244 0.93085843
 0.8251209  0.78995323 0.82583725 0.8783495  0.83144194 0.8242727
 0.8197925  0.85160697 0.8163535  0.8384837  0.8112237  0.81505156
 0.83489436 0.8501842  0.8518706  0.84791    0.8460252  0.8274048
 0.8106886  0.84674335 0.8682209  0.83741444 0.83338445 0.8467873
 0.84153694 0.8235956  0.8075836  0.83857256 0.80162567 0.8122699
 0.8364603  0.79144347 0.8105824  0.82044035 0.8011881  0.82792926
 2.2593443  0.84359956 0.7979185  0.82506186 0.83336014 0.8015373
 0.88985705 0.8266702  0.85059094 0.79597014 0.81918657 0.80916315
 0.8460852  0.82263047 0.8279439  0.8558562  0.85974103 0.79803944
 0.84897596 0.7889913  0.8190292  0.7877567  0.79785913 0.8282028
 0.817559   1.3087922  0.79676235 0.7993731  0.8167204  0.8405993
 0.8114205  0.8255258  0.8348826  0.8719122  0.8400009  0.79976326
 0.8216656  0.85762435 0.82373065 0.81727296 0.8212199  0.8447097
 0.83591527 0.8068338  0.82278347 1.5342722  0.8140069  0.82233983
 0.8206883  0.96431327 0.84027237 0.8099098  0.82506305 0.81702703
 0.83473325 0.8267472  0.8303918  0.83794445 0.82050467 0.8555093
 0.7874697  0.8217216  0.8352489  0.85635996 0.8349515  0.80450267
 0.80427176 0.8193353  0.8319778  0.7951643  0.833115   0.8441441
 0.8021113  0.8238874  0.86037    0.8048206  0.7855812  0.8646191
 0.79931635 0.82725406 0.8425422  0.8162945  0.7848723  0.8159962
 0.8233245  0.8466454  0.8593351  0.8050694  0.8207334  0.83839244
 0.8219563  0.85084194 0.8246638  0.82231355 0.8383874  0.8369903
 0.79897285 0.8110313  0.83213985 0.8331525  0.8388913  0.87521905
 0.826958   0.80179447 0.84947795 0.77701133 0.86277276 0.8889572
 0.81483334 0.822871   0.8178256  0.87360317 0.8019501  0.86867326
 0.8629444  0.8218742  0.8141769  0.78523445 0.8376006  0.7962694
 0.8640201  0.8276927  0.8442801  0.80000925 0.8469879  0.8181109
 0.8124699  0.846232   0.5305688  0.79181147 0.8671914  0.8331216
 0.8595557  0.8012547  0.83358693 0.77602696 0.8372378  0.8008803
 0.8422926  0.77578366 0.82102937 0.8668018  0.81070244 0.87537694
 0.83692783 0.8157313  0.7932709  0.9136057  0.81704503 0.80206585
 0.8220254  0.78656125 0.8061263  0.8716906  0.8580224  0.8163033
 0.84202933 0.8086466  0.8379557  0.8270774  0.81998324 0.8528569
 0.8076533  0.80112034 0.7894404  0.82568085 0.83273387 0.8737706
 0.807072   0.8825024  0.8003119  0.8234868  0.88856846 0.7921685
 0.8333589  0.8497632  0.8348164  0.8197806  0.8144244  0.81797683
 0.85458916 0.804052   0.80773836 0.8126353  0.81564873 0.8776723
 0.82928145 0.83164006 0.8404785  0.7782106  0.88485897 0.8079526
 0.840158   0.8571691  0.9175647  0.8368942  0.8048976  0.8349555
 0.8223411  0.8515039  0.8363782  3.1994028  0.8303353  0.8771651
 0.8859344  0.824889   0.82385665 0.83696973 0.8331695  0.85335207
 0.8448319  0.81114197 0.8157668  0.8169347  0.80335975 0.807085
 0.8372529  0.8342555  0.8450016  0.8437681  0.8172462  0.8151972
 0.8372157  0.80898076 0.80574703 0.8322391  0.7970397  0.8163616
 0.8266879  0.83466625 0.827036   0.85358423 0.84616596 0.7961947
 0.81720585 0.7939481  0.79033667 0.8365416  0.7921352  0.8273236
 0.84313136 0.8006405  0.85906047 0.81761724 0.8152729  0.82250285
 0.80188453 0.7990419  0.8168088  0.81714475 0.84123206 0.8838694
 0.8250162  0.807867   0.8181312  0.8501577  0.8319355  0.8107716
 0.80466413 0.8321097  0.8465173  0.8290878  0.81637543 0.80593026
 0.8125841  0.9663536  0.83493704 0.8515405  0.83302623 0.84171873
 0.8190883  0.8675324  0.8825798  0.83020186 0.8568674  0.8261861
 0.79898584 0.8032621  0.88160443 0.8641144  0.83616114 0.81488216
 0.84095496 0.8605526  0.87092566 0.7848498  0.85081065 0.8885622
 0.81288177 0.81671315 0.9912622  0.81779104 0.8455897  0.83239293
 0.7971526  0.8256005  0.78420305 0.8758528  0.84175783 0.8182081
 0.84396476 0.7817867  0.77662116 0.8161021  0.83949107 0.8313014
 0.84282905 0.88956046 0.81396186 0.8153633  0.82338965 0.8218222
 0.80525655 0.8960171  0.8273984  0.8094318  0.7986296  0.8132263
 0.8918337  0.8297848  0.8829131  0.8343062  0.82995456 0.8655302
 0.79318196 0.8440916  0.8139727  0.8048552  0.8183285  0.83166087
 0.8235328  0.8078306  0.8303503  0.8292997  0.8395602  0.8289336
 0.8331073  0.80067813 0.85424894 0.8191443  0.8421139  0.83275265
 0.8384282  0.82334214 0.8152899  0.80706143 1.5360581  0.80871385
 0.82607645 0.79294026 0.8373395  0.7860271  0.84029746 0.8138739
 0.8453207  0.86143005 0.8229826  0.8239418  0.8110921  0.86768025
 0.8165746  0.83211815 0.8287511  0.8348948  0.88735217 0.85540897
 0.8358315  0.8217937  0.8545595  0.8019636  0.83194786 0.8328677
 0.83697677 0.8740616  0.8100405  0.8206543  0.80381393 0.87173307
 0.8640636  0.8103     0.80281883 0.790998   0.8152972  0.86635
 0.83165175 0.8556286  0.80149305 0.8611244  0.8013011  0.8390043
 0.81443506 0.8008493  0.82265145 0.8037384  0.8077834  0.8033913
 0.8067714  0.8644535  0.86415976 0.8287662  0.847816   0.8453398
 0.8398269  0.81595004 0.8134746  0.8264302  0.8720103  0.85359275
 0.83340895 0.8180425  0.8319134  0.8160687  0.83511454 0.8382536
 0.79231256 0.8358802  0.81109375 0.8054435  0.80617446 0.8136335
 0.78181344 0.84580714 0.8314884  0.8542309  0.8449492  0.8276162
 0.8747836  0.7991839  0.84483165 0.7974957  0.81713563 0.84278506
 0.8181008  0.7912479  0.812145   0.81636906 0.84771127 0.8617586
 0.8136499  0.8637151  0.8826953  0.8242861  0.804541   0.82860863
 0.83503044 0.84372747 0.83971024 0.84596163 0.79932964 0.86251384
 0.8295484  0.79248154 0.84091544 0.8590482  0.80460775 0.83068645
 0.8439209  0.83614945 0.79894716 0.8366298  0.8146026  0.8506355
 0.8432783  0.8397327  0.8333435  0.8827413  0.8358414  0.8598216
 0.8270789  0.82293373 0.8239403  0.8328798  0.8215386  0.78146654
 0.82372606 0.82638764 0.8580144  0.85004187 0.82245207 0.8423363
 0.8258155  0.84928966 0.83360004 0.85088414 0.8089094  0.8382608
 0.83833975 0.8796822  0.8293685  0.8117122  0.87080204 0.840207
 0.81409025 0.829044   0.8297966  0.8503265  0.8324724  0.8247473
 0.8198191  0.87791246 0.8429369  0.86066544 0.81437063 0.8260612
 0.8287909  0.83979255 0.8010396  0.827762   0.8731889  0.8314337
 0.81276345 0.8325012  0.83883816 0.8208192  0.82660234 0.8235663
 0.84352624 0.8198698  0.8145722  0.8366135  0.8611202  0.8269135
 0.82366157 0.80181926 0.8459543  0.83867544 0.8735232  0.90494406
 0.8263863  0.8222371  0.8038527  0.80341566 0.8725402  0.79513776
 0.8112502  0.85516727 0.92222387 0.8062445  0.83091253 0.81905574
 2.2279809  0.82340467 0.83969253 0.82173115 0.82547164 0.84648263
 0.82802457 0.8743952  0.85107684 0.8176621  0.7940604  0.82019526
 0.8212509  0.8993765  0.8296992  0.81991345 0.84980077 0.8279873
 0.81562173 0.8148061  0.83425003 0.8462017  0.8299036  0.84520435
 0.8121582  0.82885486 0.80881095 0.8276997  0.8234788  0.85786223
 0.8412773  0.8250978  0.8370162  0.8394524  0.82158035 0.8559888
 1.002958   0.8250092  0.83106035 0.82464576 0.84808713 0.7922142
 0.8143613  0.84879607 0.8234734  0.8055888  0.8104762  0.8431296 ]
Completed injections... exiting
